[0.094s] DEBUG:colcon:Command line arguments: ['/usr/bin/colcon', 'list', '-p', '--base-paths', '/home/flow/x3_slam']
[0.094s] DEBUG:colcon:Parsed command line arguments: Namespace(log_base=None, log_level=None, verb_name='list', build_base='build', ignore_user_meta=False, metas=['./colcon.meta'], base_paths=['/home/flow/x3_slam'], packages_ignore=None, packages_ignore_regex=None, paths=None, packages_up_to=None, packages_up_to_regex=None, packages_above=None, packages_above_and_dependencies=None, packages_above_depth=None, packages_select_by_dep=None, packages_skip_by_dep=None, packages_skip_up_to=None, packages_select_build_failed=False, packages_skip_build_finished=False, packages_select_test_failures=False, packages_skip_test_passed=False, packages_select=None, packages_skip=None, packages_select_regex=None, packages_skip_regex=None, packages_start=None, packages_end=None, allow_overriding=[], topological_order=False, names_only=False, paths_only=True, topological_graph=False, topological_graph_dot=False, topological_graph_density=False, topological_graph_legend=False, topological_graph_dot_cluster=False, topological_graph_dot_include_skipped=False, mixin_files=None, mixin=None, verb_parser=<colcon_mixin.mixin.mixin_argument.MixinArgumentDecorator object at 0x71782d0898e0>, verb_extension=<colcon_package_information.verb.list.ListVerb object at 0x71782d1b13a0>, main=<bound method ListVerb.main of <colcon_package_information.verb.list.ListVerb object at 0x71782d1b13a0>>, mixin_verb=('list',))
[0.133s] Level 1:colcon.colcon_core.package_discovery:discover_packages(colcon_meta) check parameters
[0.133s] Level 1:colcon.colcon_core.package_discovery:discover_packages(recursive) check parameters
[0.133s] Level 1:colcon.colcon_core.package_discovery:discover_packages(ignore) check parameters
[0.133s] Level 1:colcon.colcon_core.package_discovery:discover_packages(path) check parameters
[0.133s] Level 1:colcon.colcon_core.package_discovery:discover_packages(recursive) discover
[0.133s] INFO:colcon.colcon_core.package_discovery:Crawling recursively for packages in '/home/flow/x3_slam'
[0.133s] Level 1:colcon.colcon_core.package_identification:_identify(/home/flow/x3_slam) by extensions ['ignore', 'ignore_ament_install']
[0.134s] Level 1:colcon.colcon_core.package_identification:_identify(/home/flow/x3_slam) by extension 'ignore'
[0.134s] Level 1:colcon.colcon_core.package_identification:_identify(/home/flow/x3_slam) by extension 'ignore_ament_install'
[0.134s] Level 1:colcon.colcon_core.package_identification:_identify(/home/flow/x3_slam) by extensions ['colcon_pkg']
[0.134s] Level 1:colcon.colcon_core.package_identification:_identify(/home/flow/x3_slam) by extension 'colcon_pkg'
[0.134s] Level 1:colcon.colcon_core.package_identification:_identify(/home/flow/x3_slam) by extensions ['colcon_meta']
[0.134s] Level 1:colcon.colcon_core.package_identification:_identify(/home/flow/x3_slam) by extension 'colcon_meta'
[0.134s] Level 1:colcon.colcon_core.package_identification:_identify(/home/flow/x3_slam) by extensions ['ros']
[0.134s] Level 1:colcon.colcon_core.package_identification:_identify(/home/flow/x3_slam) by extension 'ros'
[0.158s] Level 1:colcon.colcon_core.package_identification:_identify(/home/flow/x3_slam) by extensions ['cmake', 'python']
[0.158s] Level 1:colcon.colcon_core.package_identification:_identify(/home/flow/x3_slam) by extension 'cmake'
[0.158s] Level 1:colcon.colcon_core.package_identification:_identify(/home/flow/x3_slam) by extension 'python'
[0.158s] Level 1:colcon.colcon_core.package_identification:_identify(/home/flow/x3_slam) by extensions ['python_setup_py']
[0.158s] Level 1:colcon.colcon_core.package_identification:_identify(/home/flow/x3_slam) by extension 'python_setup_py'
[0.158s] Level 1:colcon.colcon_core.package_identification:_identify(/home/flow/x3_slam/build) by extensions ['ignore', 'ignore_ament_install']
[0.158s] Level 1:colcon.colcon_core.package_identification:_identify(/home/flow/x3_slam/build) by extension 'ignore'
[0.158s] Level 1:colcon.colcon_core.package_identification:_identify(/home/flow/x3_slam/build) ignored
[0.159s] Level 1:colcon.colcon_core.package_identification:_identify(/home/flow/x3_slam/install) by extensions ['ignore', 'ignore_ament_install']
[0.159s] Level 1:colcon.colcon_core.package_identification:_identify(/home/flow/x3_slam/install) by extension 'ignore'
[0.159s] Level 1:colcon.colcon_core.package_identification:_identify(/home/flow/x3_slam/install) ignored
[0.159s] Level 1:colcon.colcon_core.package_identification:_identify(/home/flow/x3_slam/log) by extensions ['ignore', 'ignore_ament_install']
[0.159s] Level 1:colcon.colcon_core.package_identification:_identify(/home/flow/x3_slam/log) by extension 'ignore'
[0.159s] Level 1:colcon.colcon_core.package_identification:_identify(/home/flow/x3_slam/log) ignored
[0.159s] Level 1:colcon.colcon_core.package_identification:_identify(/home/flow/x3_slam/src) by extensions ['ignore', 'ignore_ament_install']
[0.159s] Level 1:colcon.colcon_core.package_identification:_identify(/home/flow/x3_slam/src) by extension 'ignore'
[0.159s] Level 1:colcon.colcon_core.package_identification:_identify(/home/flow/x3_slam/src) by extension 'ignore_ament_install'
[0.159s] Level 1:colcon.colcon_core.package_identification:_identify(/home/flow/x3_slam/src) by extensions ['colcon_pkg']
[0.159s] Level 1:colcon.colcon_core.package_identification:_identify(/home/flow/x3_slam/src) by extension 'colcon_pkg'
[0.159s] Level 1:colcon.colcon_core.package_identification:_identify(/home/flow/x3_slam/src) by extensions ['colcon_meta']
[0.159s] Level 1:colcon.colcon_core.package_identification:_identify(/home/flow/x3_slam/src) by extension 'colcon_meta'
[0.159s] Level 1:colcon.colcon_core.package_identification:_identify(/home/flow/x3_slam/src) by extensions ['ros']
[0.159s] Level 1:colcon.colcon_core.package_identification:_identify(/home/flow/x3_slam/src) by extension 'ros'
[0.159s] Level 1:colcon.colcon_core.package_identification:_identify(/home/flow/x3_slam/src) by extensions ['cmake', 'python']
[0.160s] Level 1:colcon.colcon_core.package_identification:_identify(/home/flow/x3_slam/src) by extension 'cmake'
[0.160s] Level 1:colcon.colcon_core.package_identification:_identify(/home/flow/x3_slam/src) by extension 'python'
[0.160s] Level 1:colcon.colcon_core.package_identification:_identify(/home/flow/x3_slam/src) by extensions ['python_setup_py']
[0.160s] Level 1:colcon.colcon_core.package_identification:_identify(/home/flow/x3_slam/src) by extension 'python_setup_py'
[0.160s] Level 1:colcon.colcon_core.package_identification:_identify(/home/flow/x3_slam/src/x3_description) by extensions ['ignore', 'ignore_ament_install']
[0.160s] Level 1:colcon.colcon_core.package_identification:_identify(/home/flow/x3_slam/src/x3_description) by extension 'ignore'
[0.160s] Level 1:colcon.colcon_core.package_identification:_identify(/home/flow/x3_slam/src/x3_description) by extension 'ignore_ament_install'
[0.160s] Level 1:colcon.colcon_core.package_identification:_identify(/home/flow/x3_slam/src/x3_description) by extensions ['colcon_pkg']
[0.160s] Level 1:colcon.colcon_core.package_identification:_identify(/home/flow/x3_slam/src/x3_description) by extension 'colcon_pkg'
[0.160s] Level 1:colcon.colcon_core.package_identification:_identify(/home/flow/x3_slam/src/x3_description) by extensions ['colcon_meta']
[0.160s] Level 1:colcon.colcon_core.package_identification:_identify(/home/flow/x3_slam/src/x3_description) by extension 'colcon_meta'
[0.160s] Level 1:colcon.colcon_core.package_identification:_identify(/home/flow/x3_slam/src/x3_description) by extensions ['ros']
[0.160s] Level 1:colcon.colcon_core.package_identification:_identify(/home/flow/x3_slam/src/x3_description) by extension 'ros'
[0.162s] DEBUG:colcon.colcon_core.package_identification:Package '/home/flow/x3_slam/src/x3_description' with type 'ros.ament_cmake' and name 'x3_description'
[0.162s] Level 1:colcon.colcon_core.package_discovery:discover_packages(recursive) using defaults
