[0.008s] Invoking command in '/home/flow/x3_slam/build/x3_description': CMAKE_PREFIX_PATH=${CMAKE_PREFIX_PATH}:/opt/ros/jazzy DEBUGINFOD_URLS=https://debuginfod.ubuntu.com /usr/bin/cmake /home/flow/x3_slam/src/x3_description -DCMAKE_INSTALL_PREFIX=/home/flow/x3_slam/install/x3_description
[0.055s] -- The C compiler identification is GNU 13.3.0
[0.103s] -- The CXX compiler identification is GNU 13.3.0
[0.116s] -- Detecting C compiler ABI info
[0.190s] -- Detecting C compiler ABI info - done
[0.199s] -- Check for working C compiler: /usr/bin/cc - skipped
[0.199s] -- Detecting C compile features
[0.200s] -- Detecting C compile features - done
[0.207s] -- Detecting CXX compiler ABI info
[0.289s] -- Detecting CXX compiler ABI info - done
[0.298s] -- Check for working CXX compiler: /usr/bin/c++ - skipped
[0.298s] -- Detecting CXX compile features
[0.299s] -- Detecting CXX compile features - done
[0.302s] -- Found ament_cmake: 2.5.3 (/opt/ros/jazzy/share/ament_cmake/cmake)
[0.438s] -- Found Python3: /usr/bin/python3 (found version "3.12.3") found components: Interpreter 
[0.632s] -- Configuring done (0.6s)
[0.635s] -- Generating done (0.0s)
[0.636s] -- Build files have been written to: /home/flow/x3_slam/build/x3_description
[0.640s] Invoked command in '/home/flow/x3_slam/build/x3_description' returned '0': CMAKE_PREFIX_PATH=${CMAKE_PREFIX_PATH}:/opt/ros/jazzy DEBUGINFOD_URLS=https://debuginfod.ubuntu.com /usr/bin/cmake /home/flow/x3_slam/src/x3_description -DCMAKE_INSTALL_PREFIX=/home/flow/x3_slam/install/x3_description
[0.641s] Invoking command in '/home/flow/x3_slam/build/x3_description': CMAKE_PREFIX_PATH=${CMAKE_PREFIX_PATH}:/opt/ros/jazzy DEBUGINFOD_URLS=https://debuginfod.ubuntu.com /usr/bin/cmake --build /home/flow/x3_slam/build/x3_description -- -j12 -l12
[0.674s] Invoked command in '/home/flow/x3_slam/build/x3_description' returned '0': CMAKE_PREFIX_PATH=${CMAKE_PREFIX_PATH}:/opt/ros/jazzy DEBUGINFOD_URLS=https://debuginfod.ubuntu.com /usr/bin/cmake --build /home/flow/x3_slam/build/x3_description -- -j12 -l12
[0.683s] Invoking command in '/home/flow/x3_slam/build/x3_description': CMAKE_PREFIX_PATH=${CMAKE_PREFIX_PATH}:/opt/ros/jazzy DEBUGINFOD_URLS=https://debuginfod.ubuntu.com /usr/bin/cmake --install /home/flow/x3_slam/build/x3_description
[0.690s] -- Install configuration: ""
[0.690s] -- Installing: /home/flow/x3_slam/install/x3_description/share/x3_description//launch
[0.690s] -- Installing: /home/flow/x3_slam/install/x3_description/share/x3_description//urdf
[0.690s] -- Installing: /home/flow/x3_slam/install/x3_description/share/ament_index/resource_index/package_run_dependencies/x3_description
[0.690s] -- Installing: /home/flow/x3_slam/install/x3_description/share/ament_index/resource_index/parent_prefix_path/x3_description
[0.690s] -- Installing: /home/flow/x3_slam/install/x3_description/share/x3_description/environment/ament_prefix_path.sh
[0.690s] -- Installing: /home/flow/x3_slam/install/x3_description/share/x3_description/environment/ament_prefix_path.dsv
[0.690s] -- Installing: /home/flow/x3_slam/install/x3_description/share/x3_description/environment/path.sh
[0.691s] -- Installing: /home/flow/x3_slam/install/x3_description/share/x3_description/environment/path.dsv
[0.691s] -- Installing: /home/flow/x3_slam/install/x3_description/share/x3_description/local_setup.bash
[0.691s] -- Installing: /home/flow/x3_slam/install/x3_description/share/x3_description/local_setup.sh
[0.691s] -- Installing: /home/flow/x3_slam/install/x3_description/share/x3_description/local_setup.zsh
[0.691s] -- Installing: /home/flow/x3_slam/install/x3_description/share/x3_description/local_setup.dsv
[0.691s] -- Installing: /home/flow/x3_slam/install/x3_description/share/x3_description/package.dsv
[0.691s] -- Installing: /home/flow/x3_slam/install/x3_description/share/ament_index/resource_index/packages/x3_description
[0.691s] -- Installing: /home/flow/x3_slam/install/x3_description/share/x3_description/cmake/x3_descriptionConfig.cmake
[0.691s] -- Installing: /home/flow/x3_slam/install/x3_description/share/x3_description/cmake/x3_descriptionConfig-version.cmake
[0.691s] -- Installing: /home/flow/x3_slam/install/x3_description/share/x3_description/package.xml
[0.693s] Invoked command in '/home/flow/x3_slam/build/x3_description' returned '0': CMAKE_PREFIX_PATH=${CMAKE_PREFIX_PATH}:/opt/ros/jazzy DEBUGINFOD_URLS=https://debuginfod.ubuntu.com /usr/bin/cmake --install /home/flow/x3_slam/build/x3_description
