-- Install configuration: ""
-- Execute custom install script
-- Up-to-date symlink: /home/flow/x3_slam/install/x3_description/share/x3_description//launch/rc_control.py
-- Up-to-date symlink: /home/flow/x3_slam/install/x3_description/share/x3_description//launch/x3_.launch.xml
-- Up-to-date symlink: /home/flow/x3_slam/install/x3_description/share/x3_description//urdf/x3_base.sdf
-- Up-to-date symlink: /home/flow/x3_slam/install/x3_description/share/x3_description//config/gz_ros_bridge.yaml
-- Up-to-date symlink: /home/flow/x3_slam/install/x3_description/share/ament_index/resource_index/package_run_dependencies/x3_description
-- Up-to-date symlink: /home/flow/x3_slam/install/x3_description/share/ament_index/resource_index/parent_prefix_path/x3_description
-- Up-to-date symlink: /home/flow/x3_slam/install/x3_description/share/x3_description/environment/ament_prefix_path.sh
-- Up-to-date symlink: /home/flow/x3_slam/install/x3_description/share/x3_description/environment/ament_prefix_path.dsv
-- Up-to-date symlink: /home/flow/x3_slam/install/x3_description/share/x3_description/environment/path.sh
-- Up-to-date symlink: /home/flow/x3_slam/install/x3_description/share/x3_description/environment/path.dsv
-- Up-to-date symlink: /home/flow/x3_slam/install/x3_description/share/x3_description/local_setup.bash
-- Up-to-date symlink: /home/flow/x3_slam/install/x3_description/share/x3_description/local_setup.sh
-- Up-to-date symlink: /home/flow/x3_slam/install/x3_description/share/x3_description/local_setup.zsh
-- Up-to-date symlink: /home/flow/x3_slam/install/x3_description/share/x3_description/local_setup.dsv
-- Symlinking: /home/flow/x3_slam/install/x3_description/share/x3_description/package.dsv
-- Up-to-date symlink: /home/flow/x3_slam/install/x3_description/share/ament_index/resource_index/packages/x3_description
-- Up-to-date symlink: /home/flow/x3_slam/install/x3_description/share/x3_description/cmake/x3_descriptionConfig.cmake
-- Up-to-date symlink: /home/flow/x3_slam/install/x3_description/share/x3_description/cmake/x3_descriptionConfig-version.cmake
-- Up-to-date symlink: /home/flow/x3_slam/install/x3_description/share/x3_description/package.xml
