[0.008s] Invoking command in '/home/flow/x3_slam/build/x3_description': CMAKE_PREFIX_PATH=${CMAKE_PREFIX_PATH}:/opt/ros/jazzy DEBUGINFOD_URLS=https://debuginfod.ubuntu.com /usr/bin/cmake --build /home/flow/x3_slam/build/x3_description -- -j12 -l12
[0.040s] Invoked command in '/home/flow/x3_slam/build/x3_description' returned '0': CMAKE_PREFIX_PATH=${CMAKE_PREFIX_PATH}:/opt/ros/jazzy DEBUGINFOD_URLS=https://debuginfod.ubuntu.com /usr/bin/cmake --build /home/flow/x3_slam/build/x3_description -- -j12 -l12
[0.048s] Invoking command in '/home/flow/x3_slam/build/x3_description': CMAKE_PREFIX_PATH=${CMAKE_PREFIX_PATH}:/opt/ros/jazzy DEBUGINFOD_URLS=https://debuginfod.ubuntu.com /usr/bin/cmake --install /home/flow/x3_slam/build/x3_description
[0.054s] -- Install configuration: ""
[0.054s] -- Up-to-date: /home/flow/x3_slam/install/x3_description/share/x3_description//launch
[0.054s] -- Up-to-date: /home/flow/x3_slam/install/x3_description/share/x3_description//urdf
[0.054s] -- Installing: /home/flow/x3_slam/install/x3_description/share/x3_description//urdf/x3_mobile_base.sdf
[0.055s] -- Up-to-date: /home/flow/x3_slam/install/x3_description/share/ament_index/resource_index/package_run_dependencies/x3_description
[0.055s] -- Up-to-date: /home/flow/x3_slam/install/x3_description/share/ament_index/resource_index/parent_prefix_path/x3_description
[0.055s] -- Up-to-date: /home/flow/x3_slam/install/x3_description/share/x3_description/environment/ament_prefix_path.sh
[0.055s] -- Up-to-date: /home/flow/x3_slam/install/x3_description/share/x3_description/environment/ament_prefix_path.dsv
[0.055s] -- Up-to-date: /home/flow/x3_slam/install/x3_description/share/x3_description/environment/path.sh
[0.055s] -- Up-to-date: /home/flow/x3_slam/install/x3_description/share/x3_description/environment/path.dsv
[0.055s] -- Up-to-date: /home/flow/x3_slam/install/x3_description/share/x3_description/local_setup.bash
[0.055s] -- Up-to-date: /home/flow/x3_slam/install/x3_description/share/x3_description/local_setup.sh
[0.055s] -- Up-to-date: /home/flow/x3_slam/install/x3_description/share/x3_description/local_setup.zsh
[0.055s] -- Up-to-date: /home/flow/x3_slam/install/x3_description/share/x3_description/local_setup.dsv
[0.055s] -- Up-to-date: /home/flow/x3_slam/install/x3_description/share/x3_description/package.dsv
[0.055s] -- Up-to-date: /home/flow/x3_slam/install/x3_description/share/ament_index/resource_index/packages/x3_description
[0.055s] -- Up-to-date: /home/flow/x3_slam/install/x3_description/share/x3_description/cmake/x3_descriptionConfig.cmake
[0.055s] -- Up-to-date: /home/flow/x3_slam/install/x3_description/share/x3_description/cmake/x3_descriptionConfig-version.cmake
[0.055s] -- Up-to-date: /home/flow/x3_slam/install/x3_description/share/x3_description/package.xml
[0.056s] Invoked command in '/home/flow/x3_slam/build/x3_description' returned '0': CMAKE_PREFIX_PATH=${CMAKE_PREFIX_PATH}:/opt/ros/jazzy DEBUGINFOD_URLS=https://debuginfod.ubuntu.com /usr/bin/cmake --install /home/flow/x3_slam/build/x3_description
