[0.009s] Invoking command in '/home/flow/x3_slam/build/x3_description': CMAKE_PREFIX_PATH=${CMAKE_PREFIX_PATH}:/opt/ros/jazzy DEBUGINFOD_URLS=https://debuginfod.ubuntu.com /usr/bin/cmake --build /home/flow/x3_slam/build/x3_description -- -j12 -l12
[0.028s] -- Found ament_cmake: 2.5.3 (/opt/ros/jazzy/share/ament_cmake/cmake)
[0.189s] -- Override CMake install command with custom implementation using symlinks instead of copying resources
[0.265s] -- Configuring done (0.2s)
[0.267s] -- Generating done (0.0s)
[0.268s] -- Build files have been written to: /home/flow/x3_slam/build/x3_description
[0.286s] Invoked command in '/home/flow/x3_slam/build/x3_description' returned '0': CMAKE_PREFIX_PATH=${CMAKE_PREFIX_PATH}:/opt/ros/jazzy DEBUGINFOD_URLS=https://debuginfod.ubuntu.com /usr/bin/cmake --build /home/flow/x3_slam/build/x3_description -- -j12 -l12
[0.293s] Invoking command in '/home/flow/x3_slam/build/x3_description': CMAKE_PREFIX_PATH=${CMAKE_PREFIX_PATH}:/opt/ros/jazzy DEBUGINFOD_URLS=https://debuginfod.ubuntu.com /usr/bin/cmake --install /home/flow/x3_slam/build/x3_description
[0.299s] -- Install configuration: ""
[0.300s] -- Execute custom install script
[0.300s] -- Up-to-date symlink: /home/flow/x3_slam/install/x3_description/share/x3_description//launch/x3_.launch.xml
[0.300s] -- Up-to-date symlink: /home/flow/x3_slam/install/x3_description/share/x3_description//urdf/x3_base.sdf
[0.300s] -- Symlinking: /home/flow/x3_slam/install/x3_description/share/x3_description//config/gz_ros_bridge.yaml
[0.308s] -- Up-to-date symlink: /home/flow/x3_slam/install/x3_description/share/ament_index/resource_index/package_run_dependencies/x3_description
[0.308s] -- Up-to-date symlink: /home/flow/x3_slam/install/x3_description/share/ament_index/resource_index/parent_prefix_path/x3_description
[0.308s] -- Up-to-date symlink: /home/flow/x3_slam/install/x3_description/share/x3_description/environment/ament_prefix_path.sh
[0.309s] -- Up-to-date symlink: /home/flow/x3_slam/install/x3_description/share/x3_description/environment/ament_prefix_path.dsv
[0.309s] -- Up-to-date symlink: /home/flow/x3_slam/install/x3_description/share/x3_description/environment/path.sh
[0.309s] -- Up-to-date symlink: /home/flow/x3_slam/install/x3_description/share/x3_description/environment/path.dsv
[0.309s] -- Up-to-date symlink: /home/flow/x3_slam/install/x3_description/share/x3_description/local_setup.bash
[0.309s] -- Up-to-date symlink: /home/flow/x3_slam/install/x3_description/share/x3_description/local_setup.sh
[0.309s] -- Up-to-date symlink: /home/flow/x3_slam/install/x3_description/share/x3_description/local_setup.zsh
[0.309s] -- Up-to-date symlink: /home/flow/x3_slam/install/x3_description/share/x3_description/local_setup.dsv
[0.309s] -- Symlinking: /home/flow/x3_slam/install/x3_description/share/x3_description/package.dsv
[0.317s] -- Up-to-date symlink: /home/flow/x3_slam/install/x3_description/share/ament_index/resource_index/packages/x3_description
[0.317s] -- Up-to-date symlink: /home/flow/x3_slam/install/x3_description/share/x3_description/cmake/x3_descriptionConfig.cmake
[0.317s] -- Up-to-date symlink: /home/flow/x3_slam/install/x3_description/share/x3_description/cmake/x3_descriptionConfig-version.cmake
[0.318s] -- Up-to-date symlink: /home/flow/x3_slam/install/x3_description/share/x3_description/package.xml
[0.319s] Invoked command in '/home/flow/x3_slam/build/x3_description' returned '0': CMAKE_PREFIX_PATH=${CMAKE_PREFIX_PATH}:/opt/ros/jazzy DEBUGINFOD_URLS=https://debuginfod.ubuntu.com /usr/bin/cmake --install /home/flow/x3_slam/build/x3_description
