[0.010s] Invoking command in '/home/flow/x3_slam/build/x3_description': CMAKE_PREFIX_PATH=${CMAKE_PREFIX_PATH}:/opt/ros/jazzy DEBUGINFOD_URLS=https://debuginfod.ubuntu.com /usr/bin/cmake /home/flow/x3_slam/src/x3_description -DAMENT_CMAKE_SYMLINK_INSTALL=1 -DCMAKE_INSTALL_PREFIX=/home/flow/x3_slam/install/x3_description
[0.032s] -- Found ament_cmake: 2.5.3 (/opt/ros/jazzy/share/ament_cmake/cmake)
[0.214s] -- Override CMake install command with custom implementation using symlinks instead of copying resources
[0.310s] -- Configuring done (0.3s)
[0.316s] -- Generating done (0.0s)
[0.317s] -- Build files have been written to: /home/flow/x3_slam/build/x3_description
[0.319s] Invoked command in '/home/flow/x3_slam/build/x3_description' returned '0': CMAKE_PREFIX_PATH=${CMAKE_PREFIX_PATH}:/opt/ros/jazzy DEBUGINFOD_URLS=https://debuginfod.ubuntu.com /usr/bin/cmake /home/flow/x3_slam/src/x3_description -DAMENT_CMAKE_SYMLINK_INSTALL=1 -DCMAKE_INSTALL_PREFIX=/home/flow/x3_slam/install/x3_description
[0.321s] Invoking command in '/home/flow/x3_slam/build/x3_description': CMAKE_PREFIX_PATH=${CMAKE_PREFIX_PATH}:/opt/ros/jazzy DEBUGINFOD_URLS=https://debuginfod.ubuntu.com /usr/bin/cmake --build /home/flow/x3_slam/build/x3_description -- -j12 -l12
[0.351s] Invoked command in '/home/flow/x3_slam/build/x3_description' returned '0': CMAKE_PREFIX_PATH=${CMAKE_PREFIX_PATH}:/opt/ros/jazzy DEBUGINFOD_URLS=https://debuginfod.ubuntu.com /usr/bin/cmake --build /home/flow/x3_slam/build/x3_description -- -j12 -l12
[0.359s] Invoking command in '/home/flow/x3_slam/build/x3_description': CMAKE_PREFIX_PATH=${CMAKE_PREFIX_PATH}:/opt/ros/jazzy DEBUGINFOD_URLS=https://debuginfod.ubuntu.com /usr/bin/cmake --install /home/flow/x3_slam/build/x3_description
[0.365s] -- Install configuration: ""
[0.365s] -- Execute custom install script
[0.366s] -- Up-to-date symlink: /home/flow/x3_slam/install/x3_description/share/x3_description//launch/rc_control.py
[0.366s] -- Up-to-date symlink: /home/flow/x3_slam/install/x3_description/share/x3_description//launch/x3_.launch.xml
[0.366s] -- Up-to-date symlink: /home/flow/x3_slam/install/x3_description/share/x3_description//urdf/x3_base.sdf
[0.366s] -- Up-to-date symlink: /home/flow/x3_slam/install/x3_description/share/x3_description//config/gz_ros_bridge.yaml
[0.367s] -- Up-to-date symlink: /home/flow/x3_slam/install/x3_description/share/ament_index/resource_index/package_run_dependencies/x3_description
[0.367s] -- Up-to-date symlink: /home/flow/x3_slam/install/x3_description/share/ament_index/resource_index/parent_prefix_path/x3_description
[0.367s] -- Up-to-date symlink: /home/flow/x3_slam/install/x3_description/share/x3_description/environment/ament_prefix_path.sh
[0.367s] -- Up-to-date symlink: /home/flow/x3_slam/install/x3_description/share/x3_description/environment/ament_prefix_path.dsv
[0.367s] -- Up-to-date symlink: /home/flow/x3_slam/install/x3_description/share/x3_description/environment/path.sh
[0.368s] -- Up-to-date symlink: /home/flow/x3_slam/install/x3_description/share/x3_description/environment/path.dsv
[0.368s] -- Up-to-date symlink: /home/flow/x3_slam/install/x3_description/share/x3_description/local_setup.bash
[0.368s] -- Up-to-date symlink: /home/flow/x3_slam/install/x3_description/share/x3_description/local_setup.sh
[0.368s] -- Up-to-date symlink: /home/flow/x3_slam/install/x3_description/share/x3_description/local_setup.zsh
[0.368s] -- Up-to-date symlink: /home/flow/x3_slam/install/x3_description/share/x3_description/local_setup.dsv
[0.368s] -- Symlinking: /home/flow/x3_slam/install/x3_description/share/x3_description/package.dsv
[0.375s] -- Up-to-date symlink: /home/flow/x3_slam/install/x3_description/share/ament_index/resource_index/packages/x3_description
[0.375s] -- Up-to-date symlink: /home/flow/x3_slam/install/x3_description/share/x3_description/cmake/x3_descriptionConfig.cmake
[0.375s] -- Up-to-date symlink: /home/flow/x3_slam/install/x3_description/share/x3_description/cmake/x3_descriptionConfig-version.cmake
[0.375s] -- Up-to-date symlink: /home/flow/x3_slam/install/x3_description/share/x3_description/package.xml
[0.377s] Invoked command in '/home/flow/x3_slam/build/x3_description' returned '0': CMAKE_PREFIX_PATH=${CMAKE_PREFIX_PATH}:/opt/ros/jazzy DEBUGINFOD_URLS=https://debuginfod.ubuntu.com /usr/bin/cmake --install /home/flow/x3_slam/build/x3_description
